

Started GET "/" for 127.0.0.1 at Tue Sep 13 22:50:53 +0800 2011

Mysql2::Error (Unknown database 'random_poker_production'):
  

Rendered /var/lib/gems/1.8/gems/actionpack-3.1.0/lib/action_dispatch/middleware/templates/rescues/_trace.erb (2.4ms)
Rendered /var/lib/gems/1.8/gems/actionpack-3.1.0/lib/action_dispatch/middleware/templates/rescues/_request_and_response.erb (2.7ms)
Rendered /var/lib/gems/1.8/gems/actionpack-3.1.0/lib/action_dispatch/middleware/templates/rescues/diagnostics.erb within rescues/layout (21.7ms)


Started GET "/" for 127.0.0.1 at Tue Sep 13 22:51:37 +0800 2011
  Processing by IndexController#index as HTML
Rendered index/index.html.erb within layouts/application (2.2ms)
Completed 500 Internal Server Error in 14ms

ActionView::Template::Error (application.js isn't precompiled):
    3: <head>
    4:   <title>RandomPoker</title>
    5:   <link rel="stylesheet" href="http://twitter.github.com/bootstrap/assets/css/bootstrap-1.2.0.min.css">
    6:   <%= javascript_include_tag "application" %>
    7:   <%= csrf_meta_tags %>
    8: </head>
    9: <body>
  app/views/layouts/application.html.erb:6:in `_app_views_layouts_application_html_erb___179330944__635245318'

Rendered /var/lib/gems/1.8/gems/actionpack-3.1.0/lib/action_dispatch/middleware/templates/rescues/_trace.erb (4.2ms)
Rendered /var/lib/gems/1.8/gems/actionpack-3.1.0/lib/action_dispatch/middleware/templates/rescues/_request_and_response.erb (2.2ms)
Rendered /var/lib/gems/1.8/gems/actionpack-3.1.0/lib/action_dispatch/middleware/templates/rescues/template_error.erb within rescues/layout (12.0ms)
Compiled jquery-ui.min.js  (65ms)  (pid 2907)
Compiled jquery.min.js  (5ms)  (pid 2907)
Compiled application.js  (21ms)  (pid 2907)
Compiled jquery.js  (30ms)  (pid 2907)
Compiled jquery_ujs.js  (11ms)  (pid 2907)
Compiled index.js  (99ms)  (pid 2907)
Compiled application.css  (12ms)  (pid 2907)
Compiled index.css  (19ms)  (pid 2907)


Started GET "/" for 127.0.0.1 at Tue Sep 13 22:56:29 +0800 2011
  Processing by IndexController#index as HTML
Rendered index/index.html.erb within layouts/application (2.2ms)
Completed 200 OK in 12ms (Views: 11.5ms | ActiveRecord: 0.0ms)


Started GET "/assets/application-a552e1db33b8be6a42eedf1261916f3c.js" for 127.0.0.1 at Tue Sep 13 22:56:29 +0800 2011
Served asset /application-a552e1db33b8be6a42eedf1261916f3c.js - 200 OK (8ms)


Started POST "/index/get_random" for 127.0.0.1 at Tue Sep 13 22:56:35 +0800 2011
  Processing by IndexController#get_random as JS
  Parameters: {"authenticity_token"=>"FLFXGtNa+bgA4ahCDue43ZCsmP8o4hUYT4mocvLZz/Q=", "utf8"=>"✓"}
Rendered index/get_random.js.erb (0.3ms)
Completed 200 OK in 47ms (Views: 46.0ms | ActiveRecord: 0.0ms)


Started POST "/index/get_random" for 127.0.0.1 at Tue Sep 13 22:56:36 +0800 2011
  Processing by IndexController#get_random as JS
  Parameters: {"authenticity_token"=>"FLFXGtNa+bgA4ahCDue43ZCsmP8o4hUYT4mocvLZz/Q=", "utf8"=>"✓"}
Rendered index/get_random.js.erb (0.2ms)
Completed 200 OK in 3ms (Views: 2.1ms | ActiveRecord: 0.0ms)


Started POST "/index/get_random" for 127.0.0.1 at Tue Sep 13 22:56:37 +0800 2011
  Processing by IndexController#get_random as JS
  Parameters: {"authenticity_token"=>"FLFXGtNa+bgA4ahCDue43ZCsmP8o4hUYT4mocvLZz/Q=", "utf8"=>"✓"}
Rendered index/get_random.js.erb (0.1ms)
Completed 200 OK in 2ms (Views: 1.5ms | ActiveRecord: 0.0ms)


Started POST "/index/get_random" for 127.0.0.1 at Tue Sep 13 22:56:37 +0800 2011
  Processing by IndexController#get_random as JS
  Parameters: {"authenticity_token"=>"FLFXGtNa+bgA4ahCDue43ZCsmP8o4hUYT4mocvLZz/Q=", "utf8"=>"✓"}
Rendered index/get_random.js.erb (0.2ms)
Completed 200 OK in 3ms (Views: 2.0ms | ActiveRecord: 0.0ms)


Started POST "/index/get_random" for 127.0.0.1 at Tue Sep 13 22:56:49 +0800 2011
  Processing by IndexController#get_random as JS
  Parameters: {"authenticity_token"=>"FLFXGtNa+bgA4ahCDue43ZCsmP8o4hUYT4mocvLZz/Q=", "utf8"=>"✓"}
Rendered index/get_random.js.erb (0.2ms)
Completed 200 OK in 2ms (Views: 1.6ms | ActiveRecord: 0.0ms)


Started POST "/index/get_random" for 127.0.0.1 at Tue Sep 13 22:56:50 +0800 2011
  Processing by IndexController#get_random as JS
  Parameters: {"authenticity_token"=>"FLFXGtNa+bgA4ahCDue43ZCsmP8o4hUYT4mocvLZz/Q=", "utf8"=>"✓"}
Rendered index/get_random.js.erb (0.2ms)
Completed 200 OK in 4ms (Views: 2.5ms | ActiveRecord: 0.0ms)


Started POST "/index/get_random" for 127.0.0.1 at Tue Sep 13 22:56:50 +0800 2011
  Processing by IndexController#get_random as JS
  Parameters: {"authenticity_token"=>"FLFXGtNa+bgA4ahCDue43ZCsmP8o4hUYT4mocvLZz/Q=", "utf8"=>"✓"}
Rendered index/get_random.js.erb (0.2ms)
Completed 200 OK in 3ms (Views: 2.0ms | ActiveRecord: 0.0ms)
